# JRE version: Java(TM) SE Runtime Environment (8.0_121-b13) (build 1.8.0_121-b13)
# Java VM: Java HotSpot(TM) 64-Bit Server VM (25.121-b13 mixed mode windows-amd64 compressed oops)
Heap:
 PSYoungGen      total 238592K, used 12566K [0x00000000d5b00000, 0x00000000ee500000, 0x0000000100000000)
  eden space 223232K, 5% used [0x00000000d5b00000,0x00000000d6745b80,0x00000000e3500000)
  from space 15360K, 0% used [0x00000000e3500000,0x00000000e3500000,0x00000000e4400000)
  to   space 17408K, 0% used [0x00000000ed400000,0x00000000ed400000,0x00000000ee500000)
 ParOldGen       total 86016K, used 22972K [0x0000000081000000, 0x0000000086400000, 0x00000000d5b00000)
  object space 86016K, 26% used [0x0000000081000000,0x000000008266f238,0x0000000086400000)
 Metaspace       used 36143K, capacity 36680K, committed 37080K, reserved 1081344K
  class space    used 4739K, capacity 4864K, committed 4864K, reserved 1048576K
GC Heap History (10 events):
Event: 1.662 GC heap before
{Heap before GC invocations=5 (full 1):
 PSYoungGen      total 138240K, used 5115K [0x00000000d5b00000, 0x00000000de700000, 0x0000000100000000)
  eden space 133120K, 0% used [0x00000000d5b00000,0x00000000d5b00000,0x00000000ddd00000)
  from space 5120K, 99% used [0x00000000de200000,0x00000000de6feda8,0x00000000de700000)
  to   space 5120K, 0% used [0x00000000ddd00000,0x00000000ddd00000,0x00000000de200000)
 ParOldGen       total 87552K, used 10275K [0x0000000081000000, 0x0000000086580000, 0x00000000d5b00000)
  object space 87552K, 11% used [0x0000000081000000,0x0000000081a08f58,0x0000000086580000)
 Metaspace       used 20845K, capacity 21116K, committed 21248K, reserved 1067008K
  class space    used 2683K, capacity 2760K, committed 2816K, reserved 1048576K
Event: 1.688 GC heap after
Heap after GC invocations=5 (full 1):
 PSYoungGen      total 138240K, used 0K [0x00000000d5b00000, 0x00000000de700000, 0x0000000100000000)
  eden space 133120K, 0% used [0x00000000d5b00000,0x00000000d5b00000,0x00000000ddd00000)
  from space 5120K, 0% used [0x00000000de200000,0x00000000de200000,0x00000000de700000)
  to   space 5120K, 0% used [0x00000000ddd00000,0x00000000ddd00000,0x00000000de200000)
 ParOldGen       total 58880K, used 9035K [0x0000000081000000, 0x0000000084980000, 0x00000000d5b00000)
  object space 58880K, 15% used [0x0000000081000000,0x00000000818d2eb8,0x0000000084980000)
 Metaspace       used 20845K, capacity 21116K, committed 21248K, reserved 1067008K
  class space    used 2683K, capacity 2760K, committed 2816K, reserved 1048576K
}
Event: 2.274 GC heap before
{Heap before GC invocations=6 (full 1):
 PSYoungGen      total 138240K, used 133120K [0x00000000d5b00000, 0x00000000de700000, 0x0000000100000000)
  eden space 133120K, 100% used [0x00000000d5b00000,0x00000000ddd00000,0x00000000ddd00000)
  from space 5120K, 0% used [0x00000000de200000,0x00000000de200000,0x00000000de700000)
  to   space 5120K, 0% used [0x00000000ddd00000,0x00000000ddd00000,0x00000000de200000)
 ParOldGen       total 58880K, used 9035K [0x0000000081000000, 0x0000000084980000, 0x00000000d5b00000)
  object space 58880K, 15% used [0x0000000081000000,0x00000000818d2eb8,0x0000000084980000)
 Metaspace       used 23841K, capacity 24182K, committed 24448K, reserved 1071104K
  class space    used 3032K, capacity 3134K, committed 3200K, reserved 1048576K
Event: 2.280 GC heap after
Heap after GC invocations=6 (full 1):
 PSYoungGen      total 138240K, used 5098K [0x00000000d5b00000, 0x00000000e5200000, 0x0000000100000000)
  eden space 133120K, 0% used [0x00000000d5b00000,0x00000000d5b00000,0x00000000ddd00000)
  from space 5120K, 99% used [0x00000000ddd00000,0x00000000de1fa900,0x00000000de200000)
  to   space 12288K, 0% used [0x00000000e4600000,0x00000000e4600000,0x00000000e5200000)
 ParOldGen       total 58880K, used 10806K [0x0000000081000000, 0x0000000084980000, 0x00000000d5b00000)
  object space 58880K, 18% used [0x0000000081000000,0x0000000081a8d8f8,0x0000000084980000)
 Metaspace       used 23841K, capacity 24182K, committed 24448K, reserved 1071104K
  class space    used 3032K, capacity 3134K, committed 3200K, reserved 1048576K
}
Event: 3.205 GC heap before
{Heap before GC invocations=7 (full 1):
 PSYoungGen      total 138240K, used 138218K [0x00000000d5b00000, 0x00000000e5200000, 0x0000000100000000)
  eden space 133120K, 100% used [0x00000000d5b00000,0x00000000ddd00000,0x00000000ddd00000)
  from space 5120K, 99% used [0x00000000ddd00000,0x00000000de1fa900,0x00000000de200000)
  to   space 12288K, 0% used [0x00000000e4600000,0x00000000e4600000,0x00000000e5200000)
 ParOldGen       total 58880K, used 10806K [0x0000000081000000, 0x0000000084980000, 0x00000000d5b00000)
  object space 58880K, 18% used [0x0000000081000000,0x0000000081a8d8f8,0x0000000084980000)
 Metaspace       used 26708K, capacity 27092K, committed 27392K, reserved 1073152K
  class space    used 3444K, capacity 3523K, committed 3584K, reserved 1048576K
Event: 3.218 GC heap after
Heap after GC invocations=7 (full 1):
 PSYoungGen      total 235520K, used 12282K [0x00000000d5b00000, 0x00000000e5300000, 0x0000000100000000)
  eden space 223232K, 0% used [0x00000000d5b00000,0x00000000d5b00000,0x00000000e3500000)
  from space 12288K, 99% used [0x00000000e4600000,0x00000000e51fe8f0,0x00000000e5200000)
  to   space 15360K, 0% used [0x00000000e3500000,0x00000000e3500000,0x00000000e4400000)
 ParOldGen       total 58880K, used 12197K [0x0000000081000000, 0x0000000084980000, 0x00000000d5b00000)
  object space 58880K, 20% used [0x0000000081000000,0x0000000081be9510,0x0000000084980000)
 Metaspace       used 26708K, capacity 27092K, committed 27392K, reserved 1073152K
  class space    used 3444K, capacity 3523K, committed 3584K, reserved 1048576K
}
Event: 4.650 GC heap before
{Heap before GC invocations=8 (full 1):
 PSYoungGen      total 235520K, used 199198K [0x00000000d5b00000, 0x00000000e5300000, 0x0000000100000000)
  eden space 223232K, 83% used [0x00000000d5b00000,0x00000000e1188fd8,0x00000000e3500000)
  from space 12288K, 99% used [0x00000000e4600000,0x00000000e51fe8f0,0x00000000e5200000)
  to   space 15360K, 0% used [0x00000000e3500000,0x00000000e3500000,0x00000000e4400000)
 ParOldGen       total 58880K, used 12197K [0x0000000081000000, 0x0000000084980000, 0x00000000d5b00000)
  object space 58880K, 20% used [0x0000000081000000,0x0000000081be9510,0x0000000084980000)
 Metaspace       used 34715K, capacity 35104K, committed 35416K, reserved 1079296K
  class space    used 4570K, capacity 4661K, committed 4736K, reserved 1048576K
Event: 4.678 GC heap after
Heap after GC invocations=8 (full 1):
 PSYoungGen      total 238592K, used 14408K [0x00000000d5b00000, 0x00000000ee500000, 0x0000000100000000)
  eden space 223232K, 0% used [0x00000000d5b00000,0x00000000d5b00000,0x00000000e3500000)
  from space 15360K, 93% used [0x00000000e3500000,0x00000000e4312110,0x00000000e4400000)
  to   space 17408K, 0% used [0x00000000ed400000,0x00000000ed400000,0x00000000ee500000)
 ParOldGen       total 58880K, used 12205K [0x0000000081000000, 0x0000000084980000, 0x00000000d5b00000)
  object space 58880K, 20% used [0x0000000081000000,0x0000000081beb510,0x0000000084980000)
 Metaspace       used 34715K, capacity 35104K, committed 35416K, reserved 1079296K
  class space    used 4570K, capacity 4661K, committed 4736K, reserved 1048576K
}
Event: 4.678 GC heap before
{Heap before GC invocations=9 (full 2):
 PSYoungGen      total 238592K, used 14408K [0x00000000d5b00000, 0x00000000ee500000, 0x0000000100000000)
  eden space 223232K, 0% used [0x00000000d5b00000,0x00000000d5b00000,0x00000000e3500000)
  from space 15360K, 93% used [0x00000000e3500000,0x00000000e4312110,0x00000000e4400000)
  to   space 17408K, 0% used [0x00000000ed400000,0x00000000ed400000,0x00000000ee500000)
 ParOldGen       total 58880K, used 12205K [0x0000000081000000, 0x0000000084980000, 0x00000000d5b00000)
  object space 58880K, 20% used [0x0000000081000000,0x0000000081beb510,0x0000000084980000)
 Metaspace       used 34715K, capacity 35104K, committed 35416K, reserved 1079296K
  class space    used 4570K, capacity 4661K, committed 4736K, reserved 1048576K
Event: 4.726 GC heap after
Heap after GC invocations=9 (full 2):
 PSYoungGen      total 238592K, used 0K [0x00000000d5b00000, 0x00000000ee500000, 0x0000000100000000)
  eden space 223232K, 0% used [0x00000000d5b00000,0x00000000d5b00000,0x00000000e3500000)
  from space 15360K, 0% used [0x00000000e3500000,0x00000000e3500000,0x00000000e4400000)
  to   space 17408K, 0% used [0x00000000ed400000,0x00000000ed400000,0x00000000ee500000)
 ParOldGen       total 86016K, used 22972K [0x0000000081000000, 0x0000000086400000, 0x00000000d5b00000)
  object space 86016K, 26% used [0x0000000081000000,0x000000008266f238,0x0000000086400000)
 Metaspace       used 34715K, capacity 35104K, committed 35416K, reserved 1079296K
  class space    used 4570K, capacity 4661K, committed 4736K, reserved 1048576K
}

