# JRE version: Java(TM) SE Runtime Environment (8.0_121-b13) (build 1.8.0_121-b13)
# Java VM: Java HotSpot(TM) 64-Bit Server VM (25.121-b13 mixed mode windows-amd64 compressed oops)
Heap:
 PSYoungGen      total 249856K, used 13156K [0x00000000d5b00000, 0x00000000f0b00000, 0x0000000100000000)
  eden space 235008K, 5% used [0x00000000d5b00000,0x00000000d67d9068,0x00000000e4080000)
  from space 14848K, 0% used [0x00000000e4080000,0x00000000e4080000,0x00000000e4f00000)
  to   space 16896K, 0% used [0x00000000efa80000,0x00000000efa80000,0x00000000f0b00000)
 ParOldGen       total 80896K, used 22596K [0x0000000081000000, 0x0000000085f00000, 0x00000000d5b00000)
  object space 80896K, 27% used [0x0000000081000000,0x0000000082611260,0x0000000085f00000)
 Metaspace       used 36161K, capacity 36680K, committed 37080K, reserved 1081344K
  class space    used 4743K, capacity 4864K, committed 4864K, reserved 1048576K
GC Heap History (10 events):
Event: 1.734 GC heap before
{Heap before GC invocations=5 (full 1):
 PSYoungGen      total 138240K, used 5113K [0x00000000d5b00000, 0x00000000de700000, 0x0000000100000000)
  eden space 133120K, 0% used [0x00000000d5b00000,0x00000000d5b00000,0x00000000ddd00000)
  from space 5120K, 99% used [0x00000000de200000,0x00000000de6fe4c8,0x00000000de700000)
  to   space 5120K, 0% used [0x00000000ddd00000,0x00000000ddd00000,0x00000000de200000)
 ParOldGen       total 87552K, used 10353K [0x0000000081000000, 0x0000000086580000, 0x00000000d5b00000)
  object space 87552K, 11% used [0x0000000081000000,0x0000000081a1c7e0,0x0000000086580000)
 Metaspace       used 20868K, capacity 21116K, committed 21248K, reserved 1067008K
  class space    used 2687K, capacity 2760K, committed 2816K, reserved 1048576K
Event: 1.762 GC heap after
Heap after GC invocations=5 (full 1):
 PSYoungGen      total 138240K, used 0K [0x00000000d5b00000, 0x00000000de700000, 0x0000000100000000)
  eden space 133120K, 0% used [0x00000000d5b00000,0x00000000d5b00000,0x00000000ddd00000)
  from space 5120K, 0% used [0x00000000de200000,0x00000000de200000,0x00000000de700000)
  to   space 5120K, 0% used [0x00000000ddd00000,0x00000000ddd00000,0x00000000de200000)
 ParOldGen       total 56832K, used 9106K [0x0000000081000000, 0x0000000084780000, 0x00000000d5b00000)
  object space 56832K, 16% used [0x0000000081000000,0x00000000818e4b08,0x0000000084780000)
 Metaspace       used 20868K, capacity 21116K, committed 21248K, reserved 1067008K
  class space    used 2687K, capacity 2760K, committed 2816K, reserved 1048576K
}
Event: 2.365 GC heap before
{Heap before GC invocations=6 (full 1):
 PSYoungGen      total 138240K, used 133120K [0x00000000d5b00000, 0x00000000de700000, 0x0000000100000000)
  eden space 133120K, 100% used [0x00000000d5b00000,0x00000000ddd00000,0x00000000ddd00000)
  from space 5120K, 0% used [0x00000000de200000,0x00000000de200000,0x00000000de700000)
  to   space 5120K, 0% used [0x00000000ddd00000,0x00000000ddd00000,0x00000000de200000)
 ParOldGen       total 56832K, used 9106K [0x0000000081000000, 0x0000000084780000, 0x00000000d5b00000)
  object space 56832K, 16% used [0x0000000081000000,0x00000000818e4b08,0x0000000084780000)
 Metaspace       used 23853K, capacity 24182K, committed 24448K, reserved 1071104K
  class space    used 3039K, capacity 3134K, committed 3200K, reserved 1048576K
Event: 2.389 GC heap after
Heap after GC invocations=6 (full 1):
 PSYoungGen      total 138240K, used 5109K [0x00000000d5b00000, 0x00000000e5d80000, 0x0000000100000000)
  eden space 133120K, 0% used [0x00000000d5b00000,0x00000000d5b00000,0x00000000ddd00000)
  from space 5120K, 99% used [0x00000000ddd00000,0x00000000de1fd440,0x00000000de200000)
  to   space 12288K, 0% used [0x00000000e5180000,0x00000000e5180000,0x00000000e5d80000)
 ParOldGen       total 56832K, used 10987K [0x0000000081000000, 0x0000000084780000, 0x00000000d5b00000)
  object space 56832K, 19% used [0x0000000081000000,0x0000000081abac30,0x0000000084780000)
 Metaspace       used 23853K, capacity 24182K, committed 24448K, reserved 1071104K
  class space    used 3039K, capacity 3134K, committed 3200K, reserved 1048576K
}
Event: 3.346 GC heap before
{Heap before GC invocations=7 (full 1):
 PSYoungGen      total 138240K, used 138229K [0x00000000d5b00000, 0x00000000e5d80000, 0x0000000100000000)
  eden space 133120K, 100% used [0x00000000d5b00000,0x00000000ddd00000,0x00000000ddd00000)
  from space 5120K, 99% used [0x00000000ddd00000,0x00000000de1fd440,0x00000000de200000)
  to   space 12288K, 0% used [0x00000000e5180000,0x00000000e5180000,0x00000000e5d80000)
 ParOldGen       total 56832K, used 10987K [0x0000000081000000, 0x0000000084780000, 0x00000000d5b00000)
  object space 56832K, 19% used [0x0000000081000000,0x0000000081abac30,0x0000000084780000)
 Metaspace       used 26750K, capacity 27130K, committed 27392K, reserved 1073152K
  class space    used 3455K, capacity 3556K, committed 3584K, reserved 1048576K
Event: 3.359 GC heap after
Heap after GC invocations=7 (full 1):
 PSYoungGen      total 247296K, used 12276K [0x00000000d5b00000, 0x00000000e5d80000, 0x0000000100000000)
  eden space 235008K, 0% used [0x00000000d5b00000,0x00000000d5b00000,0x00000000e4080000)
  from space 12288K, 99% used [0x00000000e5180000,0x00000000e5d7d260,0x00000000e5d80000)
  to   space 14848K, 0% used [0x00000000e4080000,0x00000000e4080000,0x00000000e4f00000)
 ParOldGen       total 56832K, used 12233K [0x0000000081000000, 0x0000000084780000, 0x00000000d5b00000)
  object space 56832K, 21% used [0x0000000081000000,0x0000000081bf25b8,0x0000000084780000)
 Metaspace       used 26750K, capacity 27130K, committed 27392K, reserved 1073152K
  class space    used 3455K, capacity 3556K, committed 3584K, reserved 1048576K
}
Event: 4.771 GC heap before
{Heap before GC invocations=8 (full 1):
 PSYoungGen      total 247296K, used 202807K [0x00000000d5b00000, 0x00000000e5d80000, 0x0000000100000000)
  eden space 235008K, 81% used [0x00000000d5b00000,0x00000000e1510b28,0x00000000e4080000)
  from space 12288K, 99% used [0x00000000e5180000,0x00000000e5d7d260,0x00000000e5d80000)
  to   space 14848K, 0% used [0x00000000e4080000,0x00000000e4080000,0x00000000e4f00000)
 ParOldGen       total 56832K, used 12233K [0x0000000081000000, 0x0000000084780000, 0x00000000d5b00000)
  object space 56832K, 21% used [0x0000000081000000,0x0000000081bf25b8,0x0000000084780000)
 Metaspace       used 34736K, capacity 35136K, committed 35416K, reserved 1079296K
  class space    used 4577K, capacity 4693K, committed 4736K, reserved 1048576K
Event: 4.809 GC heap after
Heap after GC invocations=8 (full 1):
 PSYoungGen      total 249856K, used 14497K [0x00000000d5b00000, 0x00000000f0b00000, 0x0000000100000000)
  eden space 235008K, 0% used [0x00000000d5b00000,0x00000000d5b00000,0x00000000e4080000)
  from space 14848K, 97% used [0x00000000e4080000,0x00000000e4ea8588,0x00000000e4f00000)
  to   space 16896K, 0% used [0x00000000efa80000,0x00000000efa80000,0x00000000f0b00000)
 ParOldGen       total 56832K, used 12241K [0x0000000081000000, 0x0000000084780000, 0x00000000d5b00000)
  object space 56832K, 21% used [0x0000000081000000,0x0000000081bf45b8,0x0000000084780000)
 Metaspace       used 34736K, capacity 35136K, committed 35416K, reserved 1079296K
  class space    used 4577K, capacity 4693K, committed 4736K, reserved 1048576K
}
Event: 4.809 GC heap before
{Heap before GC invocations=9 (full 2):
 PSYoungGen      total 249856K, used 14497K [0x00000000d5b00000, 0x00000000f0b00000, 0x0000000100000000)
  eden space 235008K, 0% used [0x00000000d5b00000,0x00000000d5b00000,0x00000000e4080000)
  from space 14848K, 97% used [0x00000000e4080000,0x00000000e4ea8588,0x00000000e4f00000)
  to   space 16896K, 0% used [0x00000000efa80000,0x00000000efa80000,0x00000000f0b00000)
 ParOldGen       total 56832K, used 12241K [0x0000000081000000, 0x0000000084780000, 0x00000000d5b00000)
  object space 56832K, 21% used [0x0000000081000000,0x0000000081bf45b8,0x0000000084780000)
 Metaspace       used 34736K, capacity 35136K, committed 35416K, reserved 1079296K
  class space    used 4577K, capacity 4693K, committed 4736K, reserved 1048576K
Event: 4.883 GC heap after
Heap after GC invocations=9 (full 2):
 PSYoungGen      total 249856K, used 0K [0x00000000d5b00000, 0x00000000f0b00000, 0x0000000100000000)
  eden space 235008K, 0% used [0x00000000d5b00000,0x00000000d5b00000,0x00000000e4080000)
  from space 14848K, 0% used [0x00000000e4080000,0x00000000e4080000,0x00000000e4f00000)
  to   space 16896K, 0% used [0x00000000efa80000,0x00000000efa80000,0x00000000f0b00000)
 ParOldGen       total 80896K, used 22596K [0x0000000081000000, 0x0000000085f00000, 0x00000000d5b00000)
  object space 80896K, 27% used [0x0000000081000000,0x0000000082611260,0x0000000085f00000)
 Metaspace       used 34736K, capacity 35136K, committed 35416K, reserved 1079296K
  class space    used 4577K, capacity 4693K, committed 4736K, reserved 1048576K
}

