# JRE version: Java(TM) SE Runtime Environment (8.0_121-b13) (build 1.8.0_121-b13)
# Java VM: Java HotSpot(TM) 64-Bit Server VM (25.121-b13 mixed mode windows-amd64 compressed oops)
Heap:
 PSYoungGen      total 247296K, used 13045K [0x00000000d5b00000, 0x00000000efe80000, 0x0000000100000000)
  eden space 231936K, 5% used [0x00000000d5b00000,0x00000000d67bd498,0x00000000e3d80000)
  from space 15360K, 0% used [0x00000000e3d80000,0x00000000e3d80000,0x00000000e4c80000)
  to   space 17408K, 0% used [0x00000000eed80000,0x00000000eed80000,0x00000000efe80000)
 ParOldGen       total 81920K, used 23099K [0x0000000081000000, 0x0000000086000000, 0x00000000d5b00000)
  object space 81920K, 28% used [0x0000000081000000,0x000000008268ecd0,0x0000000086000000)
 Metaspace       used 36168K, capacity 36616K, committed 37080K, reserved 1081344K
  class space    used 4743K, capacity 4864K, committed 4864K, reserved 1048576K
GC Heap History (10 events):
Event: 1.599 GC heap before
{Heap before GC invocations=5 (full 1):
 PSYoungGen      total 138240K, used 5097K [0x00000000d5b00000, 0x00000000de700000, 0x0000000100000000)
  eden space 133120K, 0% used [0x00000000d5b00000,0x00000000d5b00000,0x00000000ddd00000)
  from space 5120K, 99% used [0x00000000de200000,0x00000000de6fa498,0x00000000de700000)
  to   space 5120K, 0% used [0x00000000ddd00000,0x00000000ddd00000,0x00000000de200000)
 ParOldGen       total 87552K, used 10325K [0x0000000081000000, 0x0000000086580000, 0x00000000d5b00000)
  object space 87552K, 11% used [0x0000000081000000,0x0000000081a157d0,0x0000000086580000)
 Metaspace       used 20855K, capacity 21110K, committed 21248K, reserved 1067008K
  class space    used 2686K, capacity 2759K, committed 2816K, reserved 1048576K
Event: 1.626 GC heap after
Heap after GC invocations=5 (full 1):
 PSYoungGen      total 138240K, used 0K [0x00000000d5b00000, 0x00000000de700000, 0x0000000100000000)
  eden space 133120K, 0% used [0x00000000d5b00000,0x00000000d5b00000,0x00000000ddd00000)
  from space 5120K, 0% used [0x00000000de200000,0x00000000de200000,0x00000000de700000)
  to   space 5120K, 0% used [0x00000000ddd00000,0x00000000ddd00000,0x00000000de200000)
 ParOldGen       total 56832K, used 9011K [0x0000000081000000, 0x0000000084780000, 0x00000000d5b00000)
  object space 56832K, 15% used [0x0000000081000000,0x00000000818ccf18,0x0000000084780000)
 Metaspace       used 20855K, capacity 21110K, committed 21248K, reserved 1067008K
  class space    used 2686K, capacity 2759K, committed 2816K, reserved 1048576K
}
Event: 2.151 GC heap before
{Heap before GC invocations=6 (full 1):
 PSYoungGen      total 138240K, used 133120K [0x00000000d5b00000, 0x00000000de700000, 0x0000000100000000)
  eden space 133120K, 100% used [0x00000000d5b00000,0x00000000ddd00000,0x00000000ddd00000)
  from space 5120K, 0% used [0x00000000de200000,0x00000000de200000,0x00000000de700000)
  to   space 5120K, 0% used [0x00000000ddd00000,0x00000000ddd00000,0x00000000de200000)
 ParOldGen       total 56832K, used 9011K [0x0000000081000000, 0x0000000084780000, 0x00000000d5b00000)
  object space 56832K, 15% used [0x0000000081000000,0x00000000818ccf18,0x0000000084780000)
 Metaspace       used 23839K, capacity 24182K, committed 24448K, reserved 1071104K
  class space    used 3040K, capacity 3134K, committed 3200K, reserved 1048576K
Event: 2.157 GC heap after
Heap after GC invocations=6 (full 1):
 PSYoungGen      total 138240K, used 5114K [0x00000000d5b00000, 0x00000000e5880000, 0x0000000100000000)
  eden space 133120K, 0% used [0x00000000d5b00000,0x00000000d5b00000,0x00000000ddd00000)
  from space 5120K, 99% used [0x00000000ddd00000,0x00000000de1feb18,0x00000000de200000)
  to   space 12288K, 0% used [0x00000000e4c80000,0x00000000e4c80000,0x00000000e5880000)
 ParOldGen       total 56832K, used 10547K [0x0000000081000000, 0x0000000084780000, 0x00000000d5b00000)
  object space 56832K, 18% used [0x0000000081000000,0x0000000081a4cc88,0x0000000084780000)
 Metaspace       used 23839K, capacity 24182K, committed 24448K, reserved 1071104K
  class space    used 3040K, capacity 3134K, committed 3200K, reserved 1048576K
}
Event: 3.048 GC heap before
{Heap before GC invocations=7 (full 1):
 PSYoungGen      total 138240K, used 138234K [0x00000000d5b00000, 0x00000000e5880000, 0x0000000100000000)
  eden space 133120K, 100% used [0x00000000d5b00000,0x00000000ddd00000,0x00000000ddd00000)
  from space 5120K, 99% used [0x00000000ddd00000,0x00000000de1feb18,0x00000000de200000)
  to   space 12288K, 0% used [0x00000000e4c80000,0x00000000e4c80000,0x00000000e5880000)
 ParOldGen       total 56832K, used 10547K [0x0000000081000000, 0x0000000084780000, 0x00000000d5b00000)
  object space 56832K, 18% used [0x0000000081000000,0x0000000081a4cc88,0x0000000084780000)
 Metaspace       used 26475K, capacity 26900K, committed 27136K, reserved 1073152K
  class space    used 3423K, capacity 3523K, committed 3584K, reserved 1048576K
Event: 3.084 GC heap after
Heap after GC invocations=7 (full 1):
 PSYoungGen      total 244224K, used 12264K [0x00000000d5b00000, 0x00000000e5c80000, 0x0000000100000000)
  eden space 231936K, 0% used [0x00000000d5b00000,0x00000000d5b00000,0x00000000e3d80000)
  from space 12288K, 99% used [0x00000000e4c80000,0x00000000e587a2e8,0x00000000e5880000)
  to   space 15360K, 0% used [0x00000000e3d80000,0x00000000e3d80000,0x00000000e4c80000)
 ParOldGen       total 56832K, used 11997K [0x0000000081000000, 0x0000000084780000, 0x00000000d5b00000)
  object space 56832K, 21% used [0x0000000081000000,0x0000000081bb7530,0x0000000084780000)
 Metaspace       used 26475K, capacity 26900K, committed 27136K, reserved 1073152K
  class space    used 3423K, capacity 3523K, committed 3584K, reserved 1048576K
}
Event: 4.533 GC heap before
{Heap before GC invocations=8 (full 1):
 PSYoungGen      total 244224K, used 202117K [0x00000000d5b00000, 0x00000000e5c80000, 0x0000000100000000)
  eden space 231936K, 81% used [0x00000000d5b00000,0x00000000e14672d8,0x00000000e3d80000)
  from space 12288K, 99% used [0x00000000e4c80000,0x00000000e587a2e8,0x00000000e5880000)
  to   space 15360K, 0% used [0x00000000e3d80000,0x00000000e3d80000,0x00000000e4c80000)
 ParOldGen       total 56832K, used 11997K [0x0000000081000000, 0x0000000084780000, 0x00000000d5b00000)
  object space 56832K, 21% used [0x0000000081000000,0x0000000081bb7530,0x0000000084780000)
 Metaspace       used 34718K, capacity 35136K, committed 35416K, reserved 1079296K
  class space    used 4573K, capacity 4693K, committed 4736K, reserved 1048576K
Event: 4.544 GC heap after
Heap after GC invocations=8 (full 1):
 PSYoungGen      total 247296K, used 14735K [0x00000000d5b00000, 0x00000000efe80000, 0x0000000100000000)
  eden space 231936K, 0% used [0x00000000d5b00000,0x00000000d5b00000,0x00000000e3d80000)
  from space 15360K, 95% used [0x00000000e3d80000,0x00000000e4be3ec0,0x00000000e4c80000)
  to   space 17408K, 0% used [0x00000000eed80000,0x00000000eed80000,0x00000000efe80000)
 ParOldGen       total 56832K, used 12005K [0x0000000081000000, 0x0000000084780000, 0x00000000d5b00000)
  object space 56832K, 21% used [0x0000000081000000,0x0000000081bb9530,0x0000000084780000)
 Metaspace       used 34718K, capacity 35136K, committed 35416K, reserved 1079296K
  class space    used 4573K, capacity 4693K, committed 4736K, reserved 1048576K
}
Event: 4.544 GC heap before
{Heap before GC invocations=9 (full 2):
 PSYoungGen      total 247296K, used 14735K [0x00000000d5b00000, 0x00000000efe80000, 0x0000000100000000)
  eden space 231936K, 0% used [0x00000000d5b00000,0x00000000d5b00000,0x00000000e3d80000)
  from space 15360K, 95% used [0x00000000e3d80000,0x00000000e4be3ec0,0x00000000e4c80000)
  to   space 17408K, 0% used [0x00000000eed80000,0x00000000eed80000,0x00000000efe80000)
 ParOldGen       total 56832K, used 12005K [0x0000000081000000, 0x0000000084780000, 0x00000000d5b00000)
  object space 56832K, 21% used [0x0000000081000000,0x0000000081bb9530,0x0000000084780000)
 Metaspace       used 34718K, capacity 35136K, committed 35416K, reserved 1079296K
  class space    used 4573K, capacity 4693K, committed 4736K, reserved 1048576K
Event: 4.596 GC heap after
Heap after GC invocations=9 (full 2):
 PSYoungGen      total 247296K, used 0K [0x00000000d5b00000, 0x00000000efe80000, 0x0000000100000000)
  eden space 231936K, 0% used [0x00000000d5b00000,0x00000000d5b00000,0x00000000e3d80000)
  from space 15360K, 0% used [0x00000000e3d80000,0x00000000e3d80000,0x00000000e4c80000)
  to   space 17408K, 0% used [0x00000000eed80000,0x00000000eed80000,0x00000000efe80000)
 ParOldGen       total 81920K, used 23099K [0x0000000081000000, 0x0000000086000000, 0x00000000d5b00000)
  object space 81920K, 28% used [0x0000000081000000,0x000000008268ecd0,0x0000000086000000)
 Metaspace       used 34718K, capacity 35136K, committed 35416K, reserved 1079296K
  class space    used 4573K, capacity 4693K, committed 4736K, reserved 1048576K
}

