# JRE version: Java(TM) SE Runtime Environment (8.0_121-b13) (build 1.8.0_121-b13)
# Java VM: Java HotSpot(TM) 64-Bit Server VM (25.121-b13 mixed mode windows-amd64 compressed oops)
Heap:
 PSYoungGen      total 232960K, used 12275K [0x00000000d5b00000, 0x00000000ed880000, 0x0000000100000000)
  eden space 218112K, 5% used [0x00000000d5b00000,0x00000000d66fce38,0x00000000e3000000)
  from space 14848K, 0% used [0x00000000e3000000,0x00000000e3000000,0x00000000e3e80000)
  to   space 16896K, 0% used [0x00000000ec800000,0x00000000ec800000,0x00000000ed880000)
 ParOldGen       total 91136K, used 22975K [0x0000000081000000, 0x0000000086900000, 0x00000000d5b00000)
  object space 91136K, 25% used [0x0000000081000000,0x000000008266fc88,0x0000000086900000)
 Metaspace       used 36178K, capacity 36680K, committed 37080K, reserved 1081344K
  class space    used 4742K, capacity 4864K, committed 4864K, reserved 1048576K
GC Heap History (10 events):
Event: 1.638 GC heap before
{Heap before GC invocations=5 (full 1):
 PSYoungGen      total 138240K, used 5099K [0x00000000d5b00000, 0x00000000de700000, 0x0000000100000000)
  eden space 133120K, 0% used [0x00000000d5b00000,0x00000000d5b00000,0x00000000ddd00000)
  from space 5120K, 99% used [0x00000000de200000,0x00000000de6fadb8,0x00000000de700000)
  to   space 5120K, 0% used [0x00000000ddd00000,0x00000000ddd00000,0x00000000de200000)
 ParOldGen       total 87552K, used 10399K [0x0000000081000000, 0x0000000086580000, 0x00000000d5b00000)
  object space 87552K, 11% used [0x0000000081000000,0x0000000081a27f48,0x0000000086580000)
 Metaspace       used 20887K, capacity 21148K, committed 21248K, reserved 1067008K
  class space    used 2694K, capacity 2792K, committed 2816K, reserved 1048576K
Event: 1.667 GC heap after
Heap after GC invocations=5 (full 1):
 PSYoungGen      total 138240K, used 0K [0x00000000d5b00000, 0x00000000de700000, 0x0000000100000000)
  eden space 133120K, 0% used [0x00000000d5b00000,0x00000000d5b00000,0x00000000ddd00000)
  from space 5120K, 0% used [0x00000000de200000,0x00000000de200000,0x00000000de700000)
  to   space 5120K, 0% used [0x00000000ddd00000,0x00000000ddd00000,0x00000000de200000)
 ParOldGen       total 61952K, used 9124K [0x0000000081000000, 0x0000000084c80000, 0x00000000d5b00000)
  object space 61952K, 14% used [0x0000000081000000,0x00000000818e9220,0x0000000084c80000)
 Metaspace       used 20887K, capacity 21148K, committed 21248K, reserved 1067008K
  class space    used 2694K, capacity 2792K, committed 2816K, reserved 1048576K
}
Event: 2.290 GC heap before
{Heap before GC invocations=6 (full 1):
 PSYoungGen      total 138240K, used 133120K [0x00000000d5b00000, 0x00000000de700000, 0x0000000100000000)
  eden space 133120K, 100% used [0x00000000d5b00000,0x00000000ddd00000,0x00000000ddd00000)
  from space 5120K, 0% used [0x00000000de200000,0x00000000de200000,0x00000000de700000)
  to   space 5120K, 0% used [0x00000000ddd00000,0x00000000ddd00000,0x00000000de200000)
 ParOldGen       total 61952K, used 9124K [0x0000000081000000, 0x0000000084c80000, 0x00000000d5b00000)
  object space 61952K, 14% used [0x0000000081000000,0x00000000818e9220,0x0000000084c80000)
 Metaspace       used 23856K, capacity 24182K, committed 24448K, reserved 1071104K
  class space    used 3039K, capacity 3134K, committed 3200K, reserved 1048576K
Event: 2.310 GC heap after
Heap after GC invocations=6 (full 1):
 PSYoungGen      total 138240K, used 5095K [0x00000000d5b00000, 0x00000000e4a80000, 0x0000000100000000)
  eden space 133120K, 0% used [0x00000000d5b00000,0x00000000d5b00000,0x00000000ddd00000)
  from space 5120K, 99% used [0x00000000ddd00000,0x00000000de1f9c48,0x00000000de200000)
  to   space 12288K, 0% used [0x00000000e3e80000,0x00000000e3e80000,0x00000000e4a80000)
 ParOldGen       total 61952K, used 11092K [0x0000000081000000, 0x0000000084c80000, 0x00000000d5b00000)
  object space 61952K, 17% used [0x0000000081000000,0x0000000081ad53f8,0x0000000084c80000)
 Metaspace       used 23856K, capacity 24182K, committed 24448K, reserved 1071104K
  class space    used 3039K, capacity 3134K, committed 3200K, reserved 1048576K
}
Event: 3.235 GC heap before
{Heap before GC invocations=7 (full 1):
 PSYoungGen      total 138240K, used 138215K [0x00000000d5b00000, 0x00000000e4a80000, 0x0000000100000000)
  eden space 133120K, 100% used [0x00000000d5b00000,0x00000000ddd00000,0x00000000ddd00000)
  from space 5120K, 99% used [0x00000000ddd00000,0x00000000de1f9c48,0x00000000de200000)
  to   space 12288K, 0% used [0x00000000e3e80000,0x00000000e3e80000,0x00000000e4a80000)
 ParOldGen       total 61952K, used 11092K [0x0000000081000000, 0x0000000084c80000, 0x00000000d5b00000)
  object space 61952K, 17% used [0x0000000081000000,0x0000000081ad53f8,0x0000000084c80000)
 Metaspace       used 26799K, capacity 27194K, committed 27392K, reserved 1073152K
  class space    used 3456K, capacity 3556K, committed 3584K, reserved 1048576K
Event: 3.282 GC heap after
Heap after GC invocations=7 (full 1):
 PSYoungGen      total 230400K, used 12264K [0x00000000d5b00000, 0x00000000e5280000, 0x0000000100000000)
  eden space 218112K, 0% used [0x00000000d5b00000,0x00000000d5b00000,0x00000000e3000000)
  from space 12288K, 99% used [0x00000000e3e80000,0x00000000e4a7a200,0x00000000e4a80000)
  to   space 14848K, 0% used [0x00000000e3000000,0x00000000e3000000,0x00000000e3e80000)
 ParOldGen       total 61952K, used 12446K [0x0000000081000000, 0x0000000084c80000, 0x00000000d5b00000)
  object space 61952K, 20% used [0x0000000081000000,0x0000000081c27b20,0x0000000084c80000)
 Metaspace       used 26799K, capacity 27194K, committed 27392K, reserved 1073152K
  class space    used 3456K, capacity 3556K, committed 3584K, reserved 1048576K
}
Event: 4.596 GC heap before
{Heap before GC invocations=8 (full 1):
 PSYoungGen      total 230400K, used 198143K [0x00000000d5b00000, 0x00000000e5280000, 0x0000000100000000)
  eden space 218112K, 85% used [0x00000000d5b00000,0x00000000e1085d18,0x00000000e3000000)
  from space 12288K, 99% used [0x00000000e3e80000,0x00000000e4a7a200,0x00000000e4a80000)
  to   space 14848K, 0% used [0x00000000e3000000,0x00000000e3000000,0x00000000e3e80000)
 ParOldGen       total 61952K, used 12446K [0x0000000081000000, 0x0000000084c80000, 0x00000000d5b00000)
  object space 61952K, 20% used [0x0000000081000000,0x0000000081c27b20,0x0000000084c80000)
 Metaspace       used 34719K, capacity 35136K, committed 35416K, reserved 1079296K
  class space    used 4571K, capacity 4693K, committed 4736K, reserved 1048576K
Event: 4.610 GC heap after
Heap after GC invocations=8 (full 1):
 PSYoungGen      total 232960K, used 14395K [0x00000000d5b00000, 0x00000000ed880000, 0x0000000100000000)
  eden space 218112K, 0% used [0x00000000d5b00000,0x00000000d5b00000,0x00000000e3000000)
  from space 14848K, 96% used [0x00000000e3000000,0x00000000e3e0ee10,0x00000000e3e80000)
  to   space 16896K, 0% used [0x00000000ec800000,0x00000000ec800000,0x00000000ed880000)
 ParOldGen       total 61952K, used 12454K [0x0000000081000000, 0x0000000084c80000, 0x00000000d5b00000)
  object space 61952K, 20% used [0x0000000081000000,0x0000000081c29b20,0x0000000084c80000)
 Metaspace       used 34719K, capacity 35136K, committed 35416K, reserved 1079296K
  class space    used 4571K, capacity 4693K, committed 4736K, reserved 1048576K
}
Event: 4.610 GC heap before
{Heap before GC invocations=9 (full 2):
 PSYoungGen      total 232960K, used 14395K [0x00000000d5b00000, 0x00000000ed880000, 0x0000000100000000)
  eden space 218112K, 0% used [0x00000000d5b00000,0x00000000d5b00000,0x00000000e3000000)
  from space 14848K, 96% used [0x00000000e3000000,0x00000000e3e0ee10,0x00000000e3e80000)
  to   space 16896K, 0% used [0x00000000ec800000,0x00000000ec800000,0x00000000ed880000)
 ParOldGen       total 61952K, used 12454K [0x0000000081000000, 0x0000000084c80000, 0x00000000d5b00000)
  object space 61952K, 20% used [0x0000000081000000,0x0000000081c29b20,0x0000000084c80000)
 Metaspace       used 34719K, capacity 35136K, committed 35416K, reserved 1079296K
  class space    used 4571K, capacity 4693K, committed 4736K, reserved 1048576K
Event: 4.664 GC heap after
Heap after GC invocations=9 (full 2):
 PSYoungGen      total 232960K, used 0K [0x00000000d5b00000, 0x00000000ed880000, 0x0000000100000000)
  eden space 218112K, 0% used [0x00000000d5b00000,0x00000000d5b00000,0x00000000e3000000)
  from space 14848K, 0% used [0x00000000e3000000,0x00000000e3000000,0x00000000e3e80000)
  to   space 16896K, 0% used [0x00000000ec800000,0x00000000ec800000,0x00000000ed880000)
 ParOldGen       total 91136K, used 22975K [0x0000000081000000, 0x0000000086900000, 0x00000000d5b00000)
  object space 91136K, 25% used [0x0000000081000000,0x000000008266fc88,0x0000000086900000)
 Metaspace       used 34719K, capacity 35136K, committed 35416K, reserved 1079296K
  class space    used 4571K, capacity 4693K, committed 4736K, reserved 1048576K
}

